= Start
@ ./filter:[0x400bb8] + 0x878600 0x20000
@ /lib64/libc.so.6:[0x7f1ea3fd5bad] + 0x898610 0x238
@ /lib64/libc.so.6:[0x7f1ea3fd5bad] + 0x898850 0x238
@ ./filter:[0x400c33] + 0x7f1ea2f66010 0x1000000
@ ./filter:[0x4027a9] + 0x7f1ea1f65010 0x1000000
@ ./filter:[0x402af7] - 0x7f1ea1f65010
@ ./filter:[0x400e9f] + 0x898a90 0x144
@ ./filter:[0x400f4e] + 0x898be0 0x450
@ ./filter:[0x400f83] + 0x899040 0x40000
@ ./filter:[0x400f8e] + 0x8d9050 0x40000
@ ./filter:[0x400f9e] + 0x919060 0x40000
@ ./filter:[0x400fd1] + 0x959070 0x40000
@ ./filter:[0x400fde] + 0x999080 0x40000
@ ./filter:[0x400feb] + 0x9d9090 0x40000
@ ./filter:[0x400ffb] + 0xa190a0 0x40000
@ ./filter:[0x401006] + 0xa590b0 0x40000
@ ./filter:[0x401024] + 0xa990c0 0x8a0000
@ /lib64/libgomp.so.1:[0x7f1ea455a7f9] + 0x13390d0 0x8a0
@ /lib64/libgomp.so.1:[0x7f1ea455a7f9] + 0x1339980 0xc0
@ /lib64/libgomp.so.1:[0x7f1ea455a849] + 0x1339a50 0x28
@ /lib64/ld-linux-x86-64.so.2:(_dl_allocate_tls+0x25)[0x7f1ea4a8b755] + 0x1339a80 0x240
@ /lib64/ld-linux-x86-64.so.2:(_dl_allocate_tls+0x25)[0x7f1ea4a8b755] + 0x1339cd0 0x240
@ /lib64/ld-linux-x86-64.so.2:(_dl_allocate_tls+0x25)[0x7f1ea4a8b755] + 0x1339f20 0x240
@ ./filter:[0x401370] - 0x898a90
@ ./filter:[0x40137a] - 0x898be0
@ ./filter:[0x401382] - 0x899040
@ ./filter:[0x40138c] - 0x959070
@ ./filter:[0x401396] - 0x999080
@ ./filter:[0x4013a3] - 0x9d9090
@ ./filter:[0x4013ad] - 0x8d9050
@ ./filter:[0x4013b7] - 0x919060
@ ./filter:[0x4013bf] - 0xa190a0
@ ./filter:[0x4013c9] - 0xa590b0
@ ./filter:[0x400c74] - 0xa990c0
@ /lib64/libc.so.6:(fclose+0x177)[0x7f1ea3fd51a7] - 0x898610
@ /lib64/libc.so.6:(fclose+0x177)[0x7f1ea3fd51a7] - 0x898850
@ ./filter:[0x400cb0] - 0x878600
@ ./filter:[0x400cb8] - 0x7f1ea2f66010
= End
